# JRE version: OpenJDK Runtime Environment (8.0_171-b11) (build 1.8.0_171-8u171-b11-0ubuntu0.18.04.1-b11)
# Java VM: OpenJDK 64-Bit Server VM (25.171-b11 mixed mode linux-amd64 compressed oops)
Heap:
 PSYoungGen      total 18432K, used 5253K [0x00000000ebe00000, 0x00000000ee200000, 0x0000000100000000)
  eden space 15872K, 17% used [0x00000000ebe00000,0x00000000ec0a3398,0x00000000ecd80000)
  from space 2560K, 99% used [0x00000000ed000000,0x00000000ed27e298,0x00000000ed280000)
  to   space 2560K, 0% used [0x00000000ecd80000,0x00000000ecd80000,0x00000000ed000000)
 ParOldGen       total 42496K, used 2799K [0x00000000c3a00000, 0x00000000c6380000, 0x00000000ebe00000)
  object space 42496K, 6% used [0x00000000c3a00000,0x00000000c3cbbef8,0x00000000c6380000)
 Metaspace       used 16025K, capacity 16520K, committed 16768K, reserved 1064960K
  class space    used 1951K, capacity 2102K, committed 2176K, reserved 1048576K
GC Heap History (6 events):
Event: 1.000 GC heap before
{Heap before GC invocations=1 (full 0):
 PSYoungGen      total 18432K, used 7307K [0x00000000ebe00000, 0x00000000ed280000, 0x0000000100000000)
  eden space 15872K, 46% used [0x00000000ebe00000,0x00000000ec522d00,0x00000000ecd80000)
  from space 2560K, 0% used [0x00000000ed000000,0x00000000ed000000,0x00000000ed280000)
  to   space 2560K, 0% used [0x00000000ecd80000,0x00000000ecd80000,0x00000000ed000000)
 ParOldGen       total 42496K, used 0K [0x00000000c3a00000, 0x00000000c6380000, 0x00000000ebe00000)
  object space 42496K, 0% used [0x00000000c3a00000,0x00000000c3a00000,0x00000000c6380000)
 Metaspace       used 8373K, capacity 8598K, committed 8704K, reserved 1056768K
  class space    used 927K, capacity 1012K, committed 1024K, reserved 1048576K
Event: 1.004 GC heap after
Heap after GC invocations=1 (full 0):
 PSYoungGen      total 18432K, used 1664K [0x00000000ebe00000, 0x00000000ed280000, 0x0000000100000000)
  eden space 15872K, 0% used [0x00000000ebe00000,0x00000000ebe00000,0x00000000ecd80000)
  from space 2560K, 65% used [0x00000000ecd80000,0x00000000ecf200d8,0x00000000ed000000)
  to   space 2560K, 0% used [0x00000000ed000000,0x00000000ed000000,0x00000000ed280000)
 ParOldGen       total 42496K, used 8K [0x00000000c3a00000, 0x00000000c6380000, 0x00000000ebe00000)
  object space 42496K, 0% used [0x00000000c3a00000,0x00000000c3a02000,0x00000000c6380000)
 Metaspace       used 8373K, capacity 8598K, committed 8704K, reserved 1056768K
  class space    used 927K, capacity 1012K, committed 1024K, reserved 1048576K
}
Event: 1.004 GC heap before
{Heap before GC invocations=2 (full 1):
 PSYoungGen      total 18432K, used 1664K [0x00000000ebe00000, 0x00000000ed280000, 0x0000000100000000)
  eden space 15872K, 0% used [0x00000000ebe00000,0x00000000ebe00000,0x00000000ecd80000)
  from space 2560K, 65% used [0x00000000ecd80000,0x00000000ecf200d8,0x00000000ed000000)
  to   space 2560K, 0% used [0x00000000ed000000,0x00000000ed000000,0x00000000ed280000)
 ParOldGen       total 42496K, used 8K [0x00000000c3a00000, 0x00000000c6380000, 0x00000000ebe00000)
  object space 42496K, 0% used [0x00000000c3a00000,0x00000000c3a02000,0x00000000c6380000)
 Metaspace       used 8373K, capacity 8598K, committed 8704K, reserved 1056768K
  class space    used 927K, capacity 1012K, committed 1024K, reserved 1048576K
Event: 1.012 GC heap after
Heap after GC invocations=2 (full 1):
 PSYoungGen      total 18432K, used 0K [0x00000000ebe00000, 0x00000000ed280000, 0x0000000100000000)
  eden space 15872K, 0% used [0x00000000ebe00000,0x00000000ebe00000,0x00000000ecd80000)
  from space 2560K, 0% used [0x00000000ecd80000,0x00000000ecd80000,0x00000000ed000000)
  to   space 2560K, 0% used [0x00000000ed000000,0x00000000ed000000,0x00000000ed280000)
 ParOldGen       total 42496K, used 1558K [0x00000000c3a00000, 0x00000000c6380000, 0x00000000ebe00000)
  object space 42496K, 3% used [0x00000000c3a00000,0x00000000c3b85970,0x00000000c6380000)
 Metaspace       used 8373K, capacity 8598K, committed 8704K, reserved 1056768K
  class space    used 927K, capacity 1012K, committed 1024K, reserved 1048576K
}
Event: 1.383 GC heap before
{Heap before GC invocations=3 (full 1):
 PSYoungGen      total 18432K, used 15872K [0x00000000ebe00000, 0x00000000ed280000, 0x0000000100000000)
  eden space 15872K, 100% used [0x00000000ebe00000,0x00000000ecd80000,0x00000000ecd80000)
  from space 2560K, 0% used [0x00000000ecd80000,0x00000000ecd80000,0x00000000ed000000)
  to   space 2560K, 0% used [0x00000000ed000000,0x00000000ed000000,0x00000000ed280000)
 ParOldGen       total 42496K, used 1558K [0x00000000c3a00000, 0x00000000c6380000, 0x00000000ebe00000)
  object space 42496K, 3% used [0x00000000c3a00000,0x00000000c3b85970,0x00000000c6380000)
 Metaspace       used 15410K, capacity 15750K, committed 15872K, reserved 1062912K
  class space    used 1834K, capacity 1932K, committed 2048K, reserved 1048576K
Event: 1.387 GC heap after
Heap after GC invocations=3 (full 1):
 PSYoungGen      total 18432K, used 2552K [0x00000000ebe00000, 0x00000000ee200000, 0x0000000100000000)
  eden space 15872K, 0% used [0x00000000ebe00000,0x00000000ebe00000,0x00000000ecd80000)
  from space 2560K, 99% used [0x00000000ed000000,0x00000000ed27e298,0x00000000ed280000)
  to   space 2560K, 0% used [0x00000000ecd80000,0x00000000ecd80000,0x00000000ed000000)
 ParOldGen       total 42496K, used 2799K [0x00000000c3a00000, 0x00000000c6380000, 0x00000000ebe00000)
  object space 42496K, 6% used [0x00000000c3a00000,0x00000000c3cbbef8,0x00000000c6380000)
 Metaspace       used 15410K, capacity 15750K, committed 15872K, reserved 1062912K
  class space    used 1834K, capacity 1932K, committed 2048K, reserved 1048576K
}

